Performing C SOURCE FILE Test CMAKE_HAVE_LIBC_PTHREAD failed with the following output:
Change Dir: /work/chuanqiu/issueReproduce_0/issueReproduce/CMakeFiles/CMakeTmp

Run Build Command(s):/usr/bin/gmake -f Makefile cmTC_af507/fast && /usr/bin/gmake  -f CMakeFiles/cmTC_af507.dir/build.make CMakeFiles/cmTC_af507.dir/build
gmake[1]: Entering directory '/work/chuanqiu/issueReproduce_0/issueReproduce/CMakeFiles/CMakeTmp'
Building C object CMakeFiles/cmTC_af507.dir/src.c.o
/opt/apps/gcc/11.2.0/bin/gcc -DCMAKE_HAVE_LIBC_PTHREAD   -o CMakeFiles/cmTC_af507.dir/src.c.o -c /work/chuanqiu/issueReproduce_0/issueReproduce/CMakeFiles/CMakeTmp/src.c
Linking C executable cmTC_af507
/opt/apps/cmake/3.22.0/bin/cmake -E cmake_link_script CMakeFiles/cmTC_af507.dir/link.txt --verbose=1
/opt/apps/gcc/11.2.0/bin/gcc CMakeFiles/cmTC_af507.dir/src.c.o -o cmTC_af507 
CMakeFiles/cmTC_af507.dir/src.c.o: In function `main':
src.c:(.text+0x2d): undefined reference to `pthread_create'
src.c:(.text+0x39): undefined reference to `pthread_detach'
src.c:(.text+0x45): undefined reference to `pthread_cancel'
src.c:(.text+0x56): undefined reference to `pthread_join'
collect2: error: ld returned 1 exit status
gmake[1]: *** [CMakeFiles/cmTC_af507.dir/build.make:99: cmTC_af507] Error 1
gmake[1]: Leaving directory '/work/chuanqiu/issueReproduce_0/issueReproduce/CMakeFiles/CMakeTmp'
gmake: *** [Makefile:127: cmTC_af507/fast] Error 2


Source file was:
#include <pthread.h>

static void* test_func(void* data)
{
  return data;
}

int main(void)
{
  pthread_t thread;
  pthread_create(&thread, NULL, test_func, NULL);
  pthread_detach(thread);
  pthread_cancel(thread);
  pthread_join(thread, NULL);
  pthread_atfork(NULL, NULL, NULL);
  pthread_exit(NULL);

  return 0;
}

The MPI test test_mpi for C in mode normal failed to compile with the following output:
Change Dir: /work/chuanqiu/issueReproduce_0/issueReproduce/CMakeFiles/CMakeTmp

Run Build Command(s):/usr/bin/gmake -f Makefile cmTC_53bac/fast && /usr/bin/gmake  -f CMakeFiles/cmTC_53bac.dir/build.make CMakeFiles/cmTC_53bac.dir/build
gmake[1]: Entering directory '/work/chuanqiu/issueReproduce_0/issueReproduce/CMakeFiles/CMakeTmp'
Building C object CMakeFiles/cmTC_53bac.dir/test_mpi.c.o
/opt/apps/gcc/11.2.0/bin/gcc   -pthread -o CMakeFiles/cmTC_53bac.dir/test_mpi.c.o -c /opt/apps/cmake/3.22.0/share/cmake-3.22/Modules/FindMPI/test_mpi.c
/opt/apps/cmake/3.22.0/share/cmake-3.22/Modules/FindMPI/test_mpi.c:1:10: fatal error: mpi.h: No such file or directory
    1 | #include <mpi.h>
      |          ^~~~~~~
compilation terminated.
gmake[1]: *** [CMakeFiles/cmTC_53bac.dir/build.make:78: CMakeFiles/cmTC_53bac.dir/test_mpi.c.o] Error 1
gmake[1]: Leaving directory '/work/chuanqiu/issueReproduce_0/issueReproduce/CMakeFiles/CMakeTmp'
gmake: *** [Makefile:127: cmTC_53bac/fast] Error 2



The MPI test test_mpi for CXX in mode normal failed to compile with the following output:
Change Dir: /work/chuanqiu/issueReproduce_0/issueReproduce/CMakeFiles/CMakeTmp

Run Build Command(s):/usr/bin/gmake -f Makefile cmTC_97a9e/fast && /usr/bin/gmake  -f CMakeFiles/cmTC_97a9e.dir/build.make CMakeFiles/cmTC_97a9e.dir/build
gmake[1]: Entering directory '/work/chuanqiu/issueReproduce_0/issueReproduce/CMakeFiles/CMakeTmp'
Building CXX object CMakeFiles/cmTC_97a9e.dir/test_mpi.cpp.o
/opt/apps/gcc/11.2.0/bin/g++   -pthread -o CMakeFiles/cmTC_97a9e.dir/test_mpi.cpp.o -c /work/chuanqiu/issueReproduce_0/issueReproduce/CMakeFiles/FindMPI/test_mpi.cpp
/work/chuanqiu/issueReproduce_0/issueReproduce/CMakeFiles/FindMPI/test_mpi.cpp:1:10: fatal error: mpi.h: No such file or directory
    1 | #include <mpi.h>
      |          ^~~~~~~
compilation terminated.
gmake[1]: *** [CMakeFiles/cmTC_97a9e.dir/build.make:78: CMakeFiles/cmTC_97a9e.dir/test_mpi.cpp.o] Error 1
gmake[1]: Leaving directory '/work/chuanqiu/issueReproduce_0/issueReproduce/CMakeFiles/CMakeTmp'
gmake: *** [Makefile:127: cmTC_97a9e/fast] Error 2



